<?xml version="1.0" encoding="UTF-8"?><testrun name="GraphPoetTest" project="ps2" tests="8" started="8" failures="0" errors="7" ignored="0">
  <testsuite name="poet.GraphPoetTest" time="0.0" displayname="GraphPoetTest" uniqueid="[engine:junit-vintage]/[runner:poet.GraphPoetTest]">
    <testcase name="testConstructorWithEmptyCorpus" classname="poet.GraphPoetTest" time="0.0" displayname="testConstructorWithEmptyCorpus" uniqueid="[engine:junit-vintage]/[runner:poet.GraphPoetTest]/[test:testConstructorWithEmptyCorpus(poet.GraphPoetTest)]">
      <error>java.lang.Error: Unresolved compilation problem: 
	tempFile cannot be resolved to a variable

	at poet.GraphPoetTest.createTempFile(GraphPoetTest.java:19)
	at poet.GraphPoetTest.testConstructorWithEmptyCorpus(GraphPoetTest.java:30)
	at java.base/java.lang.reflect.Method.invoke(Method.java:580)

</error>
    </testcase>
    <testcase name="testConstructorWithRepetitiveWordsCorpus" classname="poet.GraphPoetTest" time="0.0" displayname="testConstructorWithRepetitiveWordsCorpus" uniqueid="[engine:junit-vintage]/[runner:poet.GraphPoetTest]/[test:testConstructorWithRepetitiveWordsCorpus(poet.GraphPoetTest)]">
      <error>java.lang.Error: Unresolved compilation problem: 
	tempFile cannot be resolved to a variable

	at poet.GraphPoetTest.createTempFile(GraphPoetTest.java:19)
	at poet.GraphPoetTest.testConstructorWithRepetitiveWordsCorpus(GraphPoetTest.java:45)
	at java.base/java.lang.reflect.Method.invoke(Method.java:580)

</error>
    </testcase>
    <testcase name="testPoemWithBridgeWords" classname="poet.GraphPoetTest" time="0.0" displayname="testPoemWithBridgeWords" uniqueid="[engine:junit-vintage]/[runner:poet.GraphPoetTest]/[test:testPoemWithBridgeWords(poet.GraphPoetTest)]">
      <error>java.lang.Error: Unresolved compilation problem: 
	tempFile cannot be resolved to a variable

	at poet.GraphPoetTest.createTempFile(GraphPoetTest.java:19)
	at poet.GraphPoetTest.testPoemWithBridgeWords(GraphPoetTest.java:61)
	at java.base/java.lang.reflect.Method.invoke(Method.java:580)

</error>
    </testcase>
    <testcase name="testPoemWithNonexistentEdges" classname="poet.GraphPoetTest" time="0.0" displayname="testPoemWithNonexistentEdges" uniqueid="[engine:junit-vintage]/[runner:poet.GraphPoetTest]/[test:testPoemWithNonexistentEdges(poet.GraphPoetTest)]">
      <error>java.lang.Error: Unresolved compilation problem: 
	tempFile cannot be resolved to a variable

	at poet.GraphPoetTest.createTempFile(GraphPoetTest.java:19)
	at poet.GraphPoetTest.testPoemWithNonexistentEdges(GraphPoetTest.java:79)
	at java.base/java.lang.reflect.Method.invoke(Method.java:580)

</error>
    </testcase>
    <testcase name="testPoemWithNoBridgeWords" classname="poet.GraphPoetTest" time="0.0" displayname="testPoemWithNoBridgeWords" uniqueid="[engine:junit-vintage]/[runner:poet.GraphPoetTest]/[test:testPoemWithNoBridgeWords(poet.GraphPoetTest)]">
      <error>java.lang.Error: Unresolved compilation problem: 
	tempFile cannot be resolved to a variable

	at poet.GraphPoetTest.createTempFile(GraphPoetTest.java:19)
	at poet.GraphPoetTest.testPoemWithNoBridgeWords(GraphPoetTest.java:52)
	at java.base/java.lang.reflect.Method.invoke(Method.java:580)

</error>
    </testcase>
    <testcase name="testPoemWithCaseInsensitiveCorpus" classname="poet.GraphPoetTest" time="0.0" displayname="testPoemWithCaseInsensitiveCorpus" uniqueid="[engine:junit-vintage]/[runner:poet.GraphPoetTest]/[test:testPoemWithCaseInsensitiveCorpus(poet.GraphPoetTest)]">
      <error>java.lang.Error: Unresolved compilation problem: 
	tempFile cannot be resolved to a variable

	at poet.GraphPoetTest.createTempFile(GraphPoetTest.java:19)
	at poet.GraphPoetTest.testPoemWithCaseInsensitiveCorpus(GraphPoetTest.java:70)
	at java.base/java.lang.reflect.Method.invoke(Method.java:580)

</error>
    </testcase>
    <testcase name="testAssertionsEnabled" classname="poet.GraphPoetTest" time="0.0" displayname="testAssertionsEnabled" uniqueid="[engine:junit-vintage]/[runner:poet.GraphPoetTest]/[test:testAssertionsEnabled(poet.GraphPoetTest)]"/>
    <testcase name="testConstructorWithUniqueWordsCorpus" classname="poet.GraphPoetTest" time="0.0" displayname="testConstructorWithUniqueWordsCorpus" uniqueid="[engine:junit-vintage]/[runner:poet.GraphPoetTest]/[test:testConstructorWithUniqueWordsCorpus(poet.GraphPoetTest)]">
      <error>java.lang.Error: Unresolved compilation problem: 
	tempFile cannot be resolved to a variable

	at poet.GraphPoetTest.createTempFile(GraphPoetTest.java:19)
	at poet.GraphPoetTest.testConstructorWithUniqueWordsCorpus(GraphPoetTest.java:38)
	at java.base/java.lang.reflect.Method.invoke(Method.java:580)

</error>
    </testcase>
  </testsuite>
</testrun>
